  ProyectoFinal.cpp
C:\Users\Mr Robot\Documents\Materias\Computacion Grafica\Lab de computacion Grafica\Repositorio\316244895_PROYECTOFINAL_GPO12\ProyectoFinal\ProyectoFinal\ProyectoFinal.cpp(68,25): warning C4305: 'inicializando': truncamiento de 'double' a 'float'
C:\Users\Mr Robot\Documents\Materias\Computacion Grafica\Lab de computacion Grafica\Repositorio\316244895_PROYECTOFINAL_GPO12\ProyectoFinal\ProyectoFinal\ProyectoFinal.cpp(69,24): warning C4305: 'inicializando': truncamiento de 'double' a 'float'
C:\Users\Mr Robot\Documents\Materias\Computacion Grafica\Lab de computacion Grafica\Repositorio\316244895_PROYECTOFINAL_GPO12\ProyectoFinal\ProyectoFinal\ProyectoFinal.cpp(391,24): warning C4244: 'inicializando': conversión de 'double' a 'GLfloat'; posible pérdida de datos
C:\Users\Mr Robot\Documents\Materias\Computacion Grafica\Lab de computacion Grafica\Repositorio\316244895_PROYECTOFINAL_GPO12\ProyectoFinal\ProyectoFinal\ProyectoFinal.cpp(878,21): warning C4305: '+=': truncamiento de 'double' a 'float'
C:\Users\Mr Robot\Documents\Materias\Computacion Grafica\Lab de computacion Grafica\Repositorio\316244895_PROYECTOFINAL_GPO12\ProyectoFinal\ProyectoFinal\ProyectoFinal.cpp(888,21): warning C4305: '-=': truncamiento de 'double' a 'float'
C:\Users\Mr Robot\Documents\Materias\Computacion Grafica\Lab de computacion Grafica\Repositorio\316244895_PROYECTOFINAL_GPO12\ProyectoFinal\ProyectoFinal\ProyectoFinal.cpp(889,21): warning C4305: '+=': truncamiento de 'double' a 'float'
C:\Users\Mr Robot\Documents\Materias\Computacion Grafica\Lab de computacion Grafica\Repositorio\316244895_PROYECTOFINAL_GPO12\ProyectoFinal\ProyectoFinal\ProyectoFinal.cpp(890,20): warning C4305: '+=': truncamiento de 'double' a 'float'
C:\Users\Mr Robot\Documents\Materias\Computacion Grafica\Lab de computacion Grafica\Repositorio\316244895_PROYECTOFINAL_GPO12\ProyectoFinal\ProyectoFinal\ProyectoFinal.cpp(900,21): warning C4305: '-=': truncamiento de 'double' a 'float'
C:\Users\Mr Robot\Documents\Materias\Computacion Grafica\Lab de computacion Grafica\Repositorio\316244895_PROYECTOFINAL_GPO12\ProyectoFinal\ProyectoFinal\ProyectoFinal.cpp(910,21): warning C4305: '-=': truncamiento de 'double' a 'float'
C:\Users\Mr Robot\Documents\Materias\Computacion Grafica\Lab de computacion Grafica\Repositorio\316244895_PROYECTOFINAL_GPO12\ProyectoFinal\ProyectoFinal\ProyectoFinal.cpp(911,21): warning C4305: '+=': truncamiento de 'double' a 'float'
C:\Users\Mr Robot\Documents\Materias\Computacion Grafica\Lab de computacion Grafica\Repositorio\316244895_PROYECTOFINAL_GPO12\ProyectoFinal\ProyectoFinal\ProyectoFinal.cpp(912,20): warning C4305: '-=': truncamiento de 'double' a 'float'
C:\Users\Mr Robot\Documents\Materias\Computacion Grafica\Lab de computacion Grafica\Repositorio\316244895_PROYECTOFINAL_GPO12\ProyectoFinal\ProyectoFinal\ProyectoFinal.cpp(923,21): warning C4305: '-=': truncamiento de 'double' a 'float'
C:\Users\Mr Robot\Documents\Materias\Computacion Grafica\Lab de computacion Grafica\Repositorio\316244895_PROYECTOFINAL_GPO12\ProyectoFinal\ProyectoFinal\ProyectoFinal.cpp(924,21): warning C4305: '+=': truncamiento de 'double' a 'float'
C:\Users\Mr Robot\Documents\Materias\Computacion Grafica\Lab de computacion Grafica\Repositorio\316244895_PROYECTOFINAL_GPO12\ProyectoFinal\ProyectoFinal\ProyectoFinal.cpp(935,21): warning C4305: '-=': truncamiento de 'double' a 'float'
C:\Users\Mr Robot\Documents\Materias\Computacion Grafica\Lab de computacion Grafica\Repositorio\316244895_PROYECTOFINAL_GPO12\ProyectoFinal\ProyectoFinal\ProyectoFinal.cpp(936,21): warning C4305: '-=': truncamiento de 'double' a 'float'
C:\Users\Mr Robot\Documents\Materias\Computacion Grafica\Lab de computacion Grafica\Repositorio\316244895_PROYECTOFINAL_GPO12\ProyectoFinal\ProyectoFinal\ProyectoFinal.cpp(937,20): warning C4305: '+=': truncamiento de 'double' a 'float'
C:\Users\Mr Robot\Documents\Materias\Computacion Grafica\Lab de computacion Grafica\Repositorio\316244895_PROYECTOFINAL_GPO12\ProyectoFinal\ProyectoFinal\ProyectoFinal.cpp(947,21): warning C4305: '-=': truncamiento de 'double' a 'float'
C:\Users\Mr Robot\Documents\Materias\Computacion Grafica\Lab de computacion Grafica\Repositorio\316244895_PROYECTOFINAL_GPO12\ProyectoFinal\ProyectoFinal\ProyectoFinal.cpp(948,21): warning C4305: '-=': truncamiento de 'double' a 'float'
C:\Users\Mr Robot\Documents\Materias\Computacion Grafica\Lab de computacion Grafica\Repositorio\316244895_PROYECTOFINAL_GPO12\ProyectoFinal\ProyectoFinal\ProyectoFinal.cpp(949,20): warning C4305: '-=': truncamiento de 'double' a 'float'
C:\Users\Mr Robot\Documents\Materias\Computacion Grafica\Lab de computacion Grafica\Repositorio\316244895_PROYECTOFINAL_GPO12\ProyectoFinal\ProyectoFinal\ProyectoFinal.cpp(959,21): warning C4305: '-=': truncamiento de 'double' a 'float'
C:\Users\Mr Robot\Documents\Materias\Computacion Grafica\Lab de computacion Grafica\Repositorio\316244895_PROYECTOFINAL_GPO12\ProyectoFinal\ProyectoFinal\ProyectoFinal.cpp(960,21): warning C4305: '-=': truncamiento de 'double' a 'float'
C:\Users\Mr Robot\Documents\Materias\Computacion Grafica\Lab de computacion Grafica\Repositorio\316244895_PROYECTOFINAL_GPO12\ProyectoFinal\ProyectoFinal\ProyectoFinal.cpp(969,21): warning C4305: '-=': truncamiento de 'double' a 'float'
C:\Users\Mr Robot\Documents\Materias\Computacion Grafica\Lab de computacion Grafica\Repositorio\316244895_PROYECTOFINAL_GPO12\ProyectoFinal\ProyectoFinal\ProyectoFinal.cpp(978,21): warning C4305: '-=': truncamiento de 'double' a 'float'
C:\Users\Mr Robot\Documents\Materias\Computacion Grafica\Lab de computacion Grafica\Repositorio\316244895_PROYECTOFINAL_GPO12\ProyectoFinal\ProyectoFinal\ProyectoFinal.cpp(979,21): warning C4305: '+=': truncamiento de 'double' a 'float'
C:\Users\Mr Robot\Documents\Materias\Computacion Grafica\Lab de computacion Grafica\Repositorio\316244895_PROYECTOFINAL_GPO12\ProyectoFinal\ProyectoFinal\ProyectoFinal.cpp(980,21): warning C4305: '-=': truncamiento de 'double' a 'float'
C:\Users\Mr Robot\Documents\Materias\Computacion Grafica\Lab de computacion Grafica\Repositorio\316244895_PROYECTOFINAL_GPO12\ProyectoFinal\ProyectoFinal\ProyectoFinal.cpp(990,21): warning C4305: '+=': truncamiento de 'double' a 'float'
C:\Users\Mr Robot\Documents\Materias\Computacion Grafica\Lab de computacion Grafica\Repositorio\316244895_PROYECTOFINAL_GPO12\ProyectoFinal\ProyectoFinal\ProyectoFinal.cpp(991,21): warning C4305: '+=': truncamiento de 'double' a 'float'
C:\Users\Mr Robot\Documents\Materias\Computacion Grafica\Lab de computacion Grafica\Repositorio\316244895_PROYECTOFINAL_GPO12\ProyectoFinal\ProyectoFinal\ProyectoFinal.cpp(992,21): warning C4305: '-=': truncamiento de 'double' a 'float'
C:\Users\Mr Robot\Documents\Materias\Computacion Grafica\Lab de computacion Grafica\Repositorio\316244895_PROYECTOFINAL_GPO12\ProyectoFinal\ProyectoFinal\ProyectoFinal.cpp(1002,21): warning C4305: '+=': truncamiento de 'double' a 'float'
C:\Users\Mr Robot\Documents\Materias\Computacion Grafica\Lab de computacion Grafica\Repositorio\316244895_PROYECTOFINAL_GPO12\ProyectoFinal\ProyectoFinal\ProyectoFinal.cpp(1012,21): warning C4305: '+=': truncamiento de 'double' a 'float'
C:\Users\Mr Robot\Documents\Materias\Computacion Grafica\Lab de computacion Grafica\Repositorio\316244895_PROYECTOFINAL_GPO12\ProyectoFinal\ProyectoFinal\ProyectoFinal.cpp(1013,21): warning C4305: '-=': truncamiento de 'double' a 'float'
C:\Users\Mr Robot\Documents\Materias\Computacion Grafica\Lab de computacion Grafica\Repositorio\316244895_PROYECTOFINAL_GPO12\ProyectoFinal\ProyectoFinal\ProyectoFinal.cpp(1014,21): warning C4305: '-=': truncamiento de 'double' a 'float'
C:\Users\Mr Robot\Documents\Materias\Computacion Grafica\Lab de computacion Grafica\Repositorio\316244895_PROYECTOFINAL_GPO12\ProyectoFinal\ProyectoFinal\ProyectoFinal.cpp(1024,21): warning C4305: '-=': truncamiento de 'double' a 'float'
C:\Users\Mr Robot\Documents\Materias\Computacion Grafica\Lab de computacion Grafica\Repositorio\316244895_PROYECTOFINAL_GPO12\ProyectoFinal\ProyectoFinal\ProyectoFinal.cpp(1034,21): warning C4305: '+=': truncamiento de 'double' a 'float'
C:\Users\Mr Robot\Documents\Materias\Computacion Grafica\Lab de computacion Grafica\Repositorio\316244895_PROYECTOFINAL_GPO12\ProyectoFinal\ProyectoFinal\ProyectoFinal.cpp(1035,21): warning C4305: '-=': truncamiento de 'double' a 'float'
C:\Users\Mr Robot\Documents\Materias\Computacion Grafica\Lab de computacion Grafica\Repositorio\316244895_PROYECTOFINAL_GPO12\ProyectoFinal\ProyectoFinal\ProyectoFinal.cpp(1036,20): warning C4305: '+=': truncamiento de 'double' a 'float'
C:\Users\Mr Robot\Documents\Materias\Computacion Grafica\Lab de computacion Grafica\Repositorio\316244895_PROYECTOFINAL_GPO12\ProyectoFinal\ProyectoFinal\ProyectoFinal.cpp(1046,21): warning C4305: '+=': truncamiento de 'double' a 'float'
C:\Users\Mr Robot\Documents\Materias\Computacion Grafica\Lab de computacion Grafica\Repositorio\316244895_PROYECTOFINAL_GPO12\ProyectoFinal\ProyectoFinal\ProyectoFinal.cpp(1056,21): warning C4305: '+=': truncamiento de 'double' a 'float'
C:\Users\Mr Robot\Documents\Materias\Computacion Grafica\Lab de computacion Grafica\Repositorio\316244895_PROYECTOFINAL_GPO12\ProyectoFinal\ProyectoFinal\ProyectoFinal.cpp(1057,21): warning C4305: '+=': truncamiento de 'double' a 'float'
C:\Users\Mr Robot\Documents\Materias\Computacion Grafica\Lab de computacion Grafica\Repositorio\316244895_PROYECTOFINAL_GPO12\ProyectoFinal\ProyectoFinal\ProyectoFinal.cpp(1058,21): warning C4305: '+=': truncamiento de 'double' a 'float'
C:\Users\Mr Robot\Documents\Materias\Computacion Grafica\Lab de computacion Grafica\Repositorio\316244895_PROYECTOFINAL_GPO12\ProyectoFinal\ProyectoFinal\ProyectoFinal.cpp(1068,21): warning C4305: '-=': truncamiento de 'double' a 'float'
C:\Users\Mr Robot\Documents\Materias\Computacion Grafica\Lab de computacion Grafica\Repositorio\316244895_PROYECTOFINAL_GPO12\ProyectoFinal\ProyectoFinal\ProyectoFinal.cpp(1069,21): warning C4305: '+=': truncamiento de 'double' a 'float'
C:\Users\Mr Robot\Documents\Materias\Computacion Grafica\Lab de computacion Grafica\Repositorio\316244895_PROYECTOFINAL_GPO12\ProyectoFinal\ProyectoFinal\ProyectoFinal.cpp(1070,21): warning C4305: '+=': truncamiento de 'double' a 'float'
C:\Users\Mr Robot\Documents\Materias\Computacion Grafica\Lab de computacion Grafica\Repositorio\316244895_PROYECTOFINAL_GPO12\ProyectoFinal\ProyectoFinal\ProyectoFinal.cpp(1079,21): warning C4305: '-=': truncamiento de 'double' a 'float'
C:\Users\Mr Robot\Documents\Materias\Computacion Grafica\Lab de computacion Grafica\Repositorio\316244895_PROYECTOFINAL_GPO12\ProyectoFinal\ProyectoFinal\ProyectoFinal.cpp(1080,22): warning C4305: '+=': truncamiento de 'double' a 'float'
C:\Users\Mr Robot\Documents\Materias\Computacion Grafica\Lab de computacion Grafica\Repositorio\316244895_PROYECTOFINAL_GPO12\ProyectoFinal\ProyectoFinal\ProyectoFinal.cpp(1081,21): warning C4305: '-=': truncamiento de 'double' a 'float'
C:\Users\Mr Robot\Documents\Materias\Computacion Grafica\Lab de computacion Grafica\Repositorio\316244895_PROYECTOFINAL_GPO12\ProyectoFinal\ProyectoFinal\ProyectoFinal.cpp(1092,21): warning C4305: '-=': truncamiento de 'double' a 'float'
C:\Users\Mr Robot\Documents\Materias\Computacion Grafica\Lab de computacion Grafica\Repositorio\316244895_PROYECTOFINAL_GPO12\ProyectoFinal\ProyectoFinal\ProyectoFinal.cpp(1093,22): warning C4305: '+=': truncamiento de 'double' a 'float'
C:\Users\Mr Robot\Documents\Materias\Computacion Grafica\Lab de computacion Grafica\Repositorio\316244895_PROYECTOFINAL_GPO12\ProyectoFinal\ProyectoFinal\ProyectoFinal.cpp(1094,21): warning C4305: '+=': truncamiento de 'double' a 'float'
C:\Users\Mr Robot\Documents\Materias\Computacion Grafica\Lab de computacion Grafica\Repositorio\316244895_PROYECTOFINAL_GPO12\ProyectoFinal\ProyectoFinal\ProyectoFinal.cpp(1105,21): warning C4305: '-=': truncamiento de 'double' a 'float'
C:\Users\Mr Robot\Documents\Materias\Computacion Grafica\Lab de computacion Grafica\Repositorio\316244895_PROYECTOFINAL_GPO12\ProyectoFinal\ProyectoFinal\ProyectoFinal.cpp(1106,22): warning C4305: '-=': truncamiento de 'double' a 'float'
C:\Users\Mr Robot\Documents\Materias\Computacion Grafica\Lab de computacion Grafica\Repositorio\316244895_PROYECTOFINAL_GPO12\ProyectoFinal\ProyectoFinal\ProyectoFinal.cpp(1107,21): warning C4305: '+=': truncamiento de 'double' a 'float'
C:\Users\Mr Robot\Documents\Materias\Computacion Grafica\Lab de computacion Grafica\Repositorio\316244895_PROYECTOFINAL_GPO12\ProyectoFinal\ProyectoFinal\ProyectoFinal.cpp(1118,21): warning C4305: '-=': truncamiento de 'double' a 'float'
C:\Users\Mr Robot\Documents\Materias\Computacion Grafica\Lab de computacion Grafica\Repositorio\316244895_PROYECTOFINAL_GPO12\ProyectoFinal\ProyectoFinal\ProyectoFinal.cpp(1119,23): warning C4305: '-=': truncamiento de 'double' a 'float'
C:\Users\Mr Robot\Documents\Materias\Computacion Grafica\Lab de computacion Grafica\Repositorio\316244895_PROYECTOFINAL_GPO12\ProyectoFinal\ProyectoFinal\ProyectoFinal.cpp(1120,21): warning C4305: '-=': truncamiento de 'double' a 'float'
C:\Users\Mr Robot\Documents\Materias\Computacion Grafica\Lab de computacion Grafica\Repositorio\316244895_PROYECTOFINAL_GPO12\ProyectoFinal\ProyectoFinal\ProyectoFinal.cpp(1131,21): warning C4305: '-=': truncamiento de 'double' a 'float'
C:\Users\Mr Robot\Documents\Materias\Computacion Grafica\Lab de computacion Grafica\Repositorio\316244895_PROYECTOFINAL_GPO12\ProyectoFinal\ProyectoFinal\ProyectoFinal.cpp(1143,21): warning C4305: '-=': truncamiento de 'double' a 'float'
C:\Users\Mr Robot\Documents\Materias\Computacion Grafica\Lab de computacion Grafica\Repositorio\316244895_PROYECTOFINAL_GPO12\ProyectoFinal\ProyectoFinal\ProyectoFinal.cpp(1144,21): warning C4305: '-=': truncamiento de 'double' a 'float'
C:\Users\Mr Robot\Documents\Materias\Computacion Grafica\Lab de computacion Grafica\Repositorio\316244895_PROYECTOFINAL_GPO12\ProyectoFinal\ProyectoFinal\ProyectoFinal.cpp(1145,21): warning C4305: '+=': truncamiento de 'double' a 'float'
C:\Users\Mr Robot\Documents\Materias\Computacion Grafica\Lab de computacion Grafica\Repositorio\316244895_PROYECTOFINAL_GPO12\ProyectoFinal\ProyectoFinal\ProyectoFinal.cpp(1155,21): warning C4305: '-=': truncamiento de 'double' a 'float'
C:\Users\Mr Robot\Documents\Materias\Computacion Grafica\Lab de computacion Grafica\Repositorio\316244895_PROYECTOFINAL_GPO12\ProyectoFinal\ProyectoFinal\ProyectoFinal.cpp(1165,21): warning C4305: '+=': truncamiento de 'double' a 'float'
C:\Users\Mr Robot\Documents\Materias\Computacion Grafica\Lab de computacion Grafica\Repositorio\316244895_PROYECTOFINAL_GPO12\ProyectoFinal\ProyectoFinal\ProyectoFinal.cpp(1166,21): warning C4305: '-=': truncamiento de 'double' a 'float'
C:\Users\Mr Robot\Documents\Materias\Computacion Grafica\Lab de computacion Grafica\Repositorio\316244895_PROYECTOFINAL_GPO12\ProyectoFinal\ProyectoFinal\ProyectoFinal.cpp(1167,21): warning C4305: '+=': truncamiento de 'double' a 'float'
C:\Users\Mr Robot\Documents\Materias\Computacion Grafica\Lab de computacion Grafica\Repositorio\316244895_PROYECTOFINAL_GPO12\ProyectoFinal\ProyectoFinal\ProyectoFinal.cpp(1177,21): warning C4305: '+=': truncamiento de 'double' a 'float'
C:\Users\Mr Robot\Documents\Materias\Computacion Grafica\Lab de computacion Grafica\Repositorio\316244895_PROYECTOFINAL_GPO12\ProyectoFinal\ProyectoFinal\ProyectoFinal.cpp(1188,21): warning C4305: '+=': truncamiento de 'double' a 'float'
C:\Users\Mr Robot\Documents\Materias\Computacion Grafica\Lab de computacion Grafica\Repositorio\316244895_PROYECTOFINAL_GPO12\ProyectoFinal\ProyectoFinal\ProyectoFinal.cpp(1189,21): warning C4305: '-=': truncamiento de 'double' a 'float'
C:\Users\Mr Robot\Documents\Materias\Computacion Grafica\Lab de computacion Grafica\Repositorio\316244895_PROYECTOFINAL_GPO12\ProyectoFinal\ProyectoFinal\ProyectoFinal.cpp(1190,21): warning C4305: '-=': truncamiento de 'double' a 'float'
C:\Users\Mr Robot\Documents\Materias\Computacion Grafica\Lab de computacion Grafica\Repositorio\316244895_PROYECTOFINAL_GPO12\ProyectoFinal\ProyectoFinal\ProyectoFinal.cpp(1201,21): warning C4305: '+=': truncamiento de 'double' a 'float'
C:\Users\Mr Robot\Documents\Materias\Computacion Grafica\Lab de computacion Grafica\Repositorio\316244895_PROYECTOFINAL_GPO12\ProyectoFinal\ProyectoFinal\ProyectoFinal.cpp(1202,21): warning C4305: '-=': truncamiento de 'double' a 'float'
C:\Users\Mr Robot\Documents\Materias\Computacion Grafica\Lab de computacion Grafica\Repositorio\316244895_PROYECTOFINAL_GPO12\ProyectoFinal\ProyectoFinal\ProyectoFinal.cpp(1203,21): warning C4305: '+=': truncamiento de 'double' a 'float'
C:\Users\Mr Robot\Documents\Materias\Computacion Grafica\Lab de computacion Grafica\Repositorio\316244895_PROYECTOFINAL_GPO12\ProyectoFinal\ProyectoFinal\ProyectoFinal.cpp(1213,21): warning C4305: '+=': truncamiento de 'double' a 'float'
C:\Users\Mr Robot\Documents\Materias\Computacion Grafica\Lab de computacion Grafica\Repositorio\316244895_PROYECTOFINAL_GPO12\ProyectoFinal\ProyectoFinal\ProyectoFinal.cpp(1223,21): warning C4305: '+=': truncamiento de 'double' a 'float'
C:\Users\Mr Robot\Documents\Materias\Computacion Grafica\Lab de computacion Grafica\Repositorio\316244895_PROYECTOFINAL_GPO12\ProyectoFinal\ProyectoFinal\ProyectoFinal.cpp(1224,21): warning C4305: '+=': truncamiento de 'double' a 'float'
C:\Users\Mr Robot\Documents\Materias\Computacion Grafica\Lab de computacion Grafica\Repositorio\316244895_PROYECTOFINAL_GPO12\ProyectoFinal\ProyectoFinal\ProyectoFinal.cpp(1225,21): warning C4305: '+=': truncamiento de 'double' a 'float'
C:\Users\Mr Robot\Documents\Materias\Computacion Grafica\Lab de computacion Grafica\Repositorio\316244895_PROYECTOFINAL_GPO12\ProyectoFinal\ProyectoFinal\ProyectoFinal.cpp(1235,21): warning C4305: '+=': truncamiento de 'double' a 'float'
C:\Users\Mr Robot\Documents\Materias\Computacion Grafica\Lab de computacion Grafica\Repositorio\316244895_PROYECTOFINAL_GPO12\ProyectoFinal\ProyectoFinal\ProyectoFinal.cpp(1244,21): warning C4305: '-=': truncamiento de 'double' a 'float'
C:\Users\Mr Robot\Documents\Materias\Computacion Grafica\Lab de computacion Grafica\Repositorio\316244895_PROYECTOFINAL_GPO12\ProyectoFinal\ProyectoFinal\ProyectoFinal.cpp(1245,21): warning C4305: '+=': truncamiento de 'double' a 'float'
C:\Users\Mr Robot\Documents\Materias\Computacion Grafica\Lab de computacion Grafica\Repositorio\316244895_PROYECTOFINAL_GPO12\ProyectoFinal\ProyectoFinal\ProyectoFinal.cpp(1246,21): warning C4305: '+=': truncamiento de 'double' a 'float'
C:\Users\Mr Robot\Documents\Materias\Computacion Grafica\Lab de computacion Grafica\Repositorio\316244895_PROYECTOFINAL_GPO12\ProyectoFinal\ProyectoFinal\ProyectoFinal.cpp(1256,21): warning C4305: '-=': truncamiento de 'double' a 'float'
C:\Users\Mr Robot\Documents\Materias\Computacion Grafica\Lab de computacion Grafica\Repositorio\316244895_PROYECTOFINAL_GPO12\ProyectoFinal\ProyectoFinal\ProyectoFinal.cpp(1257,21): warning C4305: '+=': truncamiento de 'double' a 'float'
C:\Users\Mr Robot\Documents\Materias\Computacion Grafica\Lab de computacion Grafica\Repositorio\316244895_PROYECTOFINAL_GPO12\ProyectoFinal\ProyectoFinal\ProyectoFinal.cpp(1258,21): warning C4305: '-=': truncamiento de 'double' a 'float'
C:\Users\Mr Robot\Documents\Materias\Computacion Grafica\Lab de computacion Grafica\Repositorio\316244895_PROYECTOFINAL_GPO12\ProyectoFinal\ProyectoFinal\ProyectoFinal.cpp(1268,22): warning C4305: '=': truncamiento de 'double' a 'float'
C:\Users\Mr Robot\Documents\Materias\Computacion Grafica\Lab de computacion Grafica\Repositorio\316244895_PROYECTOFINAL_GPO12\ProyectoFinal\ProyectoFinal\ProyectoFinal.cpp(1269,21): warning C4305: '+=': truncamiento de 'double' a 'float'
C:\Users\Mr Robot\Documents\Materias\Computacion Grafica\Lab de computacion Grafica\Repositorio\316244895_PROYECTOFINAL_GPO12\ProyectoFinal\ProyectoFinal\ProyectoFinal.cpp(1286,23): warning C4305: '+=': truncamiento de 'double' a 'float'
C:\Users\Mr Robot\Documents\Materias\Computacion Grafica\Lab de computacion Grafica\Repositorio\316244895_PROYECTOFINAL_GPO12\ProyectoFinal\ProyectoFinal\ProyectoFinal.cpp(1298,22): warning C4305: '-=': truncamiento de 'double' a 'float'
C:\Users\Mr Robot\Documents\Materias\Computacion Grafica\Lab de computacion Grafica\Repositorio\316244895_PROYECTOFINAL_GPO12\ProyectoFinal\ProyectoFinal\ProyectoFinal.cpp(1309,22): warning C4305: '+=': truncamiento de 'double' a 'float'
C:\Users\Mr Robot\Documents\Materias\Computacion Grafica\Lab de computacion Grafica\Repositorio\316244895_PROYECTOFINAL_GPO12\ProyectoFinal\ProyectoFinal\ProyectoFinal.cpp(1321,22): warning C4305: '-=': truncamiento de 'double' a 'float'
C:\Users\Mr Robot\Documents\Materias\Computacion Grafica\Lab de computacion Grafica\Repositorio\316244895_PROYECTOFINAL_GPO12\ProyectoFinal\ProyectoFinal\ProyectoFinal.cpp(1332,22): warning C4305: '+=': truncamiento de 'double' a 'float'
C:\Users\Mr Robot\Documents\Materias\Computacion Grafica\Lab de computacion Grafica\Repositorio\316244895_PROYECTOFINAL_GPO12\ProyectoFinal\ProyectoFinal\ProyectoFinal.cpp(1344,22): warning C4305: '-=': truncamiento de 'double' a 'float'
C:\Users\Mr Robot\Documents\Materias\Computacion Grafica\Lab de computacion Grafica\Repositorio\316244895_PROYECTOFINAL_GPO12\ProyectoFinal\ProyectoFinal\ProyectoFinal.cpp(1397,11): warning C4244: '=': conversión de 'double' a 'GLfloat'; posible pérdida de datos
C:\Users\Mr Robot\Documents\Materias\Computacion Grafica\Lab de computacion Grafica\Repositorio\316244895_PROYECTOFINAL_GPO12\ProyectoFinal\ProyectoFinal\ProyectoFinal.cpp(1398,11): warning C4244: '=': conversión de 'double' a 'GLfloat'; posible pérdida de datos
C:\Users\Mr Robot\Documents\Materias\Computacion Grafica\Lab de computacion Grafica\Repositorio\316244895_PROYECTOFINAL_GPO12\ProyectoFinal\ProyectoFinal\ProyectoFinal.cpp(1402,18): warning C4244: 'inicializando': conversión de 'double' a 'GLfloat'; posible pérdida de datos
C:\Users\Mr Robot\Documents\Materias\Computacion Grafica\Lab de computacion Grafica\Repositorio\316244895_PROYECTOFINAL_GPO12\ProyectoFinal\ProyectoFinal\ProyectoFinal.cpp(1403,18): warning C4244: 'inicializando': conversión de 'double' a 'GLfloat'; posible pérdida de datos
C:\Users\Mr Robot\Documents\Materias\Computacion Grafica\Lab de computacion Grafica\Repositorio\316244895_PROYECTOFINAL_GPO12\ProyectoFinal\ProyectoFinal\ProyectoFinal.cpp(1405,10): warning C4244: '=': conversión de 'double' a 'GLfloat'; posible pérdida de datos
C:\Users\Mr Robot\Documents\Materias\Computacion Grafica\Lab de computacion Grafica\Repositorio\316244895_PROYECTOFINAL_GPO12\ProyectoFinal\ProyectoFinal\ProyectoFinal.cpp(1406,10): warning C4244: '=': conversión de 'double' a 'GLfloat'; posible pérdida de datos
soil2-debug.lib(SOIL2.obj) : warning LNK4075: se omite '/EDITANDCONTINUE' debido a la especificación '/OPT:ICF'
LINK : warning LNK4098: la biblioteca predeterminada'MSVCRTD' entra en conflicto con otras bibliotecas; use la biblioteca /NODEFAULTLIB:biblioteca
  Generando código
  Previous IPDB and IOBJ mismatch, fall back to full compilation.
  All 631 functions were compiled because no usable IPDB/IOBJ from previous compilation was found.
  Generación de código finalizada
soil2-debug.lib(etc1_utils.obj) : warning LNK4099: no se encontró PDB 'soil2-debug.pdb' con 'soil2-debug.lib(etc1_utils.obj)' o en 'C:\Users\Mr Robot\Documents\Materias\Computacion Grafica\Lab de computacion Grafica\Repositorio\316244895_PROYECTOFINAL_GPO12\ProyectoFinal\Release\soil2-debug.pdb'; se vinculará el objeto sin tener en cuenta información de depuración
soil2-debug.lib(image_DXT.obj) : warning LNK4099: no se encontró PDB 'soil2-debug.pdb' con 'soil2-debug.lib(image_DXT.obj)' o en 'C:\Users\Mr Robot\Documents\Materias\Computacion Grafica\Lab de computacion Grafica\Repositorio\316244895_PROYECTOFINAL_GPO12\ProyectoFinal\Release\soil2-debug.pdb'; se vinculará el objeto sin tener en cuenta información de depuración
soil2-debug.lib(image_helper.obj) : warning LNK4099: no se encontró PDB 'soil2-debug.pdb' con 'soil2-debug.lib(image_helper.obj)' o en 'C:\Users\Mr Robot\Documents\Materias\Computacion Grafica\Lab de computacion Grafica\Repositorio\316244895_PROYECTOFINAL_GPO12\ProyectoFinal\Release\soil2-debug.pdb'; se vinculará el objeto sin tener en cuenta información de depuración
soil2-debug.lib(SOIL2.obj) : warning LNK4099: no se encontró PDB 'soil2-debug.pdb' con 'soil2-debug.lib(SOIL2.obj)' o en 'C:\Users\Mr Robot\Documents\Materias\Computacion Grafica\Lab de computacion Grafica\Repositorio\316244895_PROYECTOFINAL_GPO12\ProyectoFinal\Release\soil2-debug.pdb'; se vinculará el objeto sin tener en cuenta información de depuración
  ProyectoFinal.vcxproj -> C:\Users\Mr Robot\Documents\Materias\Computacion Grafica\Lab de computacion Grafica\Repositorio\316244895_PROYECTOFINAL_GPO12\ProyectoFinal\Release\ProyectoFinal.exe
