  ProyectoFinal.cpp
C:\Users\Mr Robot\Documents\Materias\Computacion Grafica\Lab de computacion Grafica\Repositorio\316244895_PROYECTOFINAL_GPO12\ProyectoFinal\ProyectoFinal\ProyectoFinal.cpp(351,24): warning C4244: 'inicializando': conversión de 'double' a 'GLfloat'; posible pérdida de datos
C:\Users\Mr Robot\Documents\Materias\Computacion Grafica\Lab de computacion Grafica\Repositorio\316244895_PROYECTOFINAL_GPO12\ProyectoFinal\ProyectoFinal\ProyectoFinal.cpp(821,22): warning C4305: '+=': truncamiento de 'double' a 'float'
C:\Users\Mr Robot\Documents\Materias\Computacion Grafica\Lab de computacion Grafica\Repositorio\316244895_PROYECTOFINAL_GPO12\ProyectoFinal\ProyectoFinal\ProyectoFinal.cpp(822,23): warning C4305: '+=': truncamiento de 'double' a 'float'
C:\Users\Mr Robot\Documents\Materias\Computacion Grafica\Lab de computacion Grafica\Repositorio\316244895_PROYECTOFINAL_GPO12\ProyectoFinal\ProyectoFinal\ProyectoFinal.cpp(823,21): warning C4305: '+=': truncamiento de 'double' a 'float'
C:\Users\Mr Robot\Documents\Materias\Computacion Grafica\Lab de computacion Grafica\Repositorio\316244895_PROYECTOFINAL_GPO12\ProyectoFinal\ProyectoFinal\ProyectoFinal.cpp(833,22): warning C4305: '-=': truncamiento de 'double' a 'float'
C:\Users\Mr Robot\Documents\Materias\Computacion Grafica\Lab de computacion Grafica\Repositorio\316244895_PROYECTOFINAL_GPO12\ProyectoFinal\ProyectoFinal\ProyectoFinal.cpp(834,23): warning C4305: '-=': truncamiento de 'double' a 'float'
C:\Users\Mr Robot\Documents\Materias\Computacion Grafica\Lab de computacion Grafica\Repositorio\316244895_PROYECTOFINAL_GPO12\ProyectoFinal\ProyectoFinal\ProyectoFinal.cpp(835,21): warning C4305: '-=': truncamiento de 'double' a 'float'
C:\Users\Mr Robot\Documents\Materias\Computacion Grafica\Lab de computacion Grafica\Repositorio\316244895_PROYECTOFINAL_GPO12\ProyectoFinal\ProyectoFinal\ProyectoFinal.cpp(845,22): warning C4305: '+=': truncamiento de 'double' a 'float'
C:\Users\Mr Robot\Documents\Materias\Computacion Grafica\Lab de computacion Grafica\Repositorio\316244895_PROYECTOFINAL_GPO12\ProyectoFinal\ProyectoFinal\ProyectoFinal.cpp(846,23): warning C4305: '-=': truncamiento de 'double' a 'float'
C:\Users\Mr Robot\Documents\Materias\Computacion Grafica\Lab de computacion Grafica\Repositorio\316244895_PROYECTOFINAL_GPO12\ProyectoFinal\ProyectoFinal\ProyectoFinal.cpp(847,21): warning C4305: '-=': truncamiento de 'double' a 'float'
C:\Users\Mr Robot\Documents\Materias\Computacion Grafica\Lab de computacion Grafica\Repositorio\316244895_PROYECTOFINAL_GPO12\ProyectoFinal\ProyectoFinal\ProyectoFinal.cpp(857,22): warning C4305: '-=': truncamiento de 'double' a 'float'
C:\Users\Mr Robot\Documents\Materias\Computacion Grafica\Lab de computacion Grafica\Repositorio\316244895_PROYECTOFINAL_GPO12\ProyectoFinal\ProyectoFinal\ProyectoFinal.cpp(858,23): warning C4305: '+=': truncamiento de 'double' a 'float'
C:\Users\Mr Robot\Documents\Materias\Computacion Grafica\Lab de computacion Grafica\Repositorio\316244895_PROYECTOFINAL_GPO12\ProyectoFinal\ProyectoFinal\ProyectoFinal.cpp(859,21): warning C4305: '+=': truncamiento de 'double' a 'float'
C:\Users\Mr Robot\Documents\Materias\Computacion Grafica\Lab de computacion Grafica\Repositorio\316244895_PROYECTOFINAL_GPO12\ProyectoFinal\ProyectoFinal\ProyectoFinal.cpp(870,22): warning C4305: '-=': truncamiento de 'double' a 'float'
C:\Users\Mr Robot\Documents\Materias\Computacion Grafica\Lab de computacion Grafica\Repositorio\316244895_PROYECTOFINAL_GPO12\ProyectoFinal\ProyectoFinal\ProyectoFinal.cpp(881,22): warning C4305: '+=': truncamiento de 'double' a 'float'
C:\Users\Mr Robot\Documents\Materias\Computacion Grafica\Lab de computacion Grafica\Repositorio\316244895_PROYECTOFINAL_GPO12\ProyectoFinal\ProyectoFinal\ProyectoFinal.cpp(899,23): warning C4305: '+=': truncamiento de 'double' a 'float'
C:\Users\Mr Robot\Documents\Materias\Computacion Grafica\Lab de computacion Grafica\Repositorio\316244895_PROYECTOFINAL_GPO12\ProyectoFinal\ProyectoFinal\ProyectoFinal.cpp(911,22): warning C4305: '-=': truncamiento de 'double' a 'float'
C:\Users\Mr Robot\Documents\Materias\Computacion Grafica\Lab de computacion Grafica\Repositorio\316244895_PROYECTOFINAL_GPO12\ProyectoFinal\ProyectoFinal\ProyectoFinal.cpp(922,22): warning C4305: '+=': truncamiento de 'double' a 'float'
C:\Users\Mr Robot\Documents\Materias\Computacion Grafica\Lab de computacion Grafica\Repositorio\316244895_PROYECTOFINAL_GPO12\ProyectoFinal\ProyectoFinal\ProyectoFinal.cpp(934,22): warning C4305: '-=': truncamiento de 'double' a 'float'
C:\Users\Mr Robot\Documents\Materias\Computacion Grafica\Lab de computacion Grafica\Repositorio\316244895_PROYECTOFINAL_GPO12\ProyectoFinal\ProyectoFinal\ProyectoFinal.cpp(945,22): warning C4305: '+=': truncamiento de 'double' a 'float'
C:\Users\Mr Robot\Documents\Materias\Computacion Grafica\Lab de computacion Grafica\Repositorio\316244895_PROYECTOFINAL_GPO12\ProyectoFinal\ProyectoFinal\ProyectoFinal.cpp(957,22): warning C4305: '-=': truncamiento de 'double' a 'float'
C:\Users\Mr Robot\Documents\Materias\Computacion Grafica\Lab de computacion Grafica\Repositorio\316244895_PROYECTOFINAL_GPO12\ProyectoFinal\ProyectoFinal\ProyectoFinal.cpp(1010,11): warning C4244: '=': conversión de 'double' a 'GLfloat'; posible pérdida de datos
C:\Users\Mr Robot\Documents\Materias\Computacion Grafica\Lab de computacion Grafica\Repositorio\316244895_PROYECTOFINAL_GPO12\ProyectoFinal\ProyectoFinal\ProyectoFinal.cpp(1011,11): warning C4244: '=': conversión de 'double' a 'GLfloat'; posible pérdida de datos
C:\Users\Mr Robot\Documents\Materias\Computacion Grafica\Lab de computacion Grafica\Repositorio\316244895_PROYECTOFINAL_GPO12\ProyectoFinal\ProyectoFinal\ProyectoFinal.cpp(1015,18): warning C4244: 'inicializando': conversión de 'double' a 'GLfloat'; posible pérdida de datos
C:\Users\Mr Robot\Documents\Materias\Computacion Grafica\Lab de computacion Grafica\Repositorio\316244895_PROYECTOFINAL_GPO12\ProyectoFinal\ProyectoFinal\ProyectoFinal.cpp(1016,18): warning C4244: 'inicializando': conversión de 'double' a 'GLfloat'; posible pérdida de datos
C:\Users\Mr Robot\Documents\Materias\Computacion Grafica\Lab de computacion Grafica\Repositorio\316244895_PROYECTOFINAL_GPO12\ProyectoFinal\ProyectoFinal\ProyectoFinal.cpp(1018,10): warning C4244: '=': conversión de 'double' a 'GLfloat'; posible pérdida de datos
C:\Users\Mr Robot\Documents\Materias\Computacion Grafica\Lab de computacion Grafica\Repositorio\316244895_PROYECTOFINAL_GPO12\ProyectoFinal\ProyectoFinal\ProyectoFinal.cpp(1019,10): warning C4244: '=': conversión de 'double' a 'GLfloat'; posible pérdida de datos
  ProyectoFinal.vcxproj -> C:\Users\Mr Robot\Documents\Materias\Computacion Grafica\Lab de computacion Grafica\Repositorio\316244895_PROYECTOFINAL_GPO12\ProyectoFinal\Debug\ProyectoFinal.exe
